Started GET "/items" for ::1 at 2019-11-28 14:25:31 +0100
  [1m[35m (2.3ms)[0m  [1m[34mSELECT "schema_migrations"."version" FROM "schema_migrations" ORDER BY "schema_migrations"."version" ASC[0m
  ↳ /Users/augustin/.rvm/gems/ruby-2.5.1/gems/activerecord-5.2.3/lib/active_record/log_subscriber.rb:98
Processing by ItemsController#index as HTML
  Rendering items/index.html.erb within layouts/application
  [1m[36mItem Load (42.8ms)[0m  [1m[34mSELECT "items".* FROM "items"[0m
  ↳ app/views/items/index.html.erb:15
  [1m[36mActiveStorage::Attachment Load (40.4ms)[0m  [1m[34mSELECT  "active_storage_attachments".* FROM "active_storage_attachments" WHERE "active_storage_attachments"."record_id" = $1 AND "active_storage_attachments"."record_type" = $2 AND "active_storage_attachments"."name" = $3 LIMIT $4[0m  [["record_id", 1], ["record_type", "Item"], ["name", "image"], ["LIMIT", 1]]
  ↳ app/views/items/index.html.erb:21
  [1m[36mActiveStorage::Attachment Load (0.8ms)[0m  [1m[34mSELECT  "active_storage_attachments".* FROM "active_storage_attachments" WHERE "active_storage_attachments"."record_id" = $1 AND "active_storage_attachments"."record_type" = $2 AND "active_storage_attachments"."name" = $3 LIMIT $4[0m  [["record_id", 2], ["record_type", "Item"], ["name", "image"], ["LIMIT", 1]]
  ↳ app/views/items/index.html.erb:21
  [1m[36mActiveStorage::Attachment Load (0.4ms)[0m  [1m[34mSELECT  "active_storage_attachments".* FROM "active_storage_attachments" WHERE "active_storage_attachments"."record_id" = $1 AND "active_storage_attachments"."record_type" = $2 AND "active_storage_attachments"."name" = $3 LIMIT $4[0m  [["record_id", 3], ["record_type", "Item"], ["name", "image"], ["LIMIT", 1]]
  ↳ app/views/items/index.html.erb:21
  [1m[36mActiveStorage::Attachment Load (0.4ms)[0m  [1m[34mSELECT  "active_storage_attachments".* FROM "active_storage_attachments" WHERE "active_storage_attachments"."record_id" = $1 AND "active_storage_attachments"."record_type" = $2 AND "active_storage_attachments"."name" = $3 LIMIT $4[0m  [["record_id", 4], ["record_type", "Item"], ["name", "image"], ["LIMIT", 1]]
  ↳ app/views/items/index.html.erb:21
  [1m[36mActiveStorage::Attachment Load (0.3ms)[0m  [1m[34mSELECT  "active_storage_attachments".* FROM "active_storage_attachments" WHERE "active_storage_attachments"."record_id" = $1 AND "active_storage_attachments"."record_type" = $2 AND "active_storage_attachments"."name" = $3 LIMIT $4[0m  [["record_id", 5], ["record_type", "Item"], ["name", "image"], ["LIMIT", 1]]
  ↳ app/views/items/index.html.erb:21
  [1m[36mActiveStorage::Attachment Load (0.3ms)[0m  [1m[34mSELECT  "active_storage_attachments".* FROM "active_storage_attachments" WHERE "active_storage_attachments"."record_id" = $1 AND "active_storage_attachments"."record_type" = $2 AND "active_storage_attachments"."name" = $3 LIMIT $4[0m  [["record_id", 6], ["record_type", "Item"], ["name", "image"], ["LIMIT", 1]]
  ↳ app/views/items/index.html.erb:21
  [1m[36mActiveStorage::Attachment Load (0.2ms)[0m  [1m[34mSELECT  "active_storage_attachments".* FROM "active_storage_attachments" WHERE "active_storage_attachments"."record_id" = $1 AND "active_storage_attachments"."record_type" = $2 AND "active_storage_attachments"."name" = $3 LIMIT $4[0m  [["record_id", 7], ["record_type", "Item"], ["name", "image"], ["LIMIT", 1]]
  ↳ app/views/items/index.html.erb:21
  [1m[36mActiveStorage::Attachment Load (0.3ms)[0m  [1m[34mSELECT  "active_storage_attachments".* FROM "active_storage_attachments" WHERE "active_storage_attachments"."record_id" = $1 AND "active_storage_attachments"."record_type" = $2 AND "active_storage_attachments"."name" = $3 LIMIT $4[0m  [["record_id", 8], ["record_type", "Item"], ["name", "image"], ["LIMIT", 1]]
  ↳ app/views/items/index.html.erb:21
  [1m[36mActiveStorage::Attachment Load (0.3ms)[0m  [1m[34mSELECT  "active_storage_attachments".* FROM "active_storage_attachments" WHERE "active_storage_attachments"."record_id" = $1 AND "active_storage_attachments"."record_type" = $2 AND "active_storage_attachments"."name" = $3 LIMIT $4[0m  [["record_id", 9], ["record_type", "Item"], ["name", "image"], ["LIMIT", 1]]
  ↳ app/views/items/index.html.erb:21
  [1m[36mActiveStorage::Attachment Load (0.3ms)[0m  [1m[34mSELECT  "active_storage_attachments".* FROM "active_storage_attachments" WHERE "active_storage_attachments"."record_id" = $1 AND "active_storage_attachments"."record_type" = $2 AND "active_storage_attachments"."name" = $3 LIMIT $4[0m  [["record_id", 10], ["record_type", "Item"], ["name", "image"], ["LIMIT", 1]]
  ↳ app/views/items/index.html.erb:21
  [1m[36mActiveStorage::Attachment Load (0.3ms)[0m  [1m[34mSELECT  "active_storage_attachments".* FROM "active_storage_attachments" WHERE "active_storage_attachments"."record_id" = $1 AND "active_storage_attachments"."record_type" = $2 AND "active_storage_attachments"."name" = $3 LIMIT $4[0m  [["record_id", 11], ["record_type", "Item"], ["name", "image"], ["LIMIT", 1]]
  ↳ app/views/items/index.html.erb:21
  [1m[36mActiveStorage::Attachment Load (0.3ms)[0m  [1m[34mSELECT  "active_storage_attachments".* FROM "active_storage_attachments" WHERE "active_storage_attachments"."record_id" = $1 AND "active_storage_attachments"."record_type" = $2 AND "active_storage_attachments"."name" = $3 LIMIT $4[0m  [["record_id", 12], ["record_type", "Item"], ["name", "image"], ["LIMIT", 1]]
  ↳ app/views/items/index.html.erb:21
  [1m[36mActiveStorage::Attachment Load (0.3ms)[0m  [1m[34mSELECT  "active_storage_attachments".* FROM "active_storage_attachments" WHERE "active_storage_attachments"."record_id" = $1 AND "active_storage_attachments"."record_type" = $2 AND "active_storage_attachments"."name" = $3 LIMIT $4[0m  [["record_id", 13], ["record_type", "Item"], ["name", "image"], ["LIMIT", 1]]
  ↳ app/views/items/index.html.erb:21
  [1m[36mActiveStorage::Attachment Load (0.2ms)[0m  [1m[34mSELECT  "active_storage_attachments".* FROM "active_storage_attachments" WHERE "active_storage_attachments"."record_id" = $1 AND "active_storage_attachments"."record_type" = $2 AND "active_storage_attachments"."name" = $3 LIMIT $4[0m  [["record_id", 14], ["record_type", "Item"], ["name", "image"], ["LIMIT", 1]]
  ↳ app/views/items/index.html.erb:21
  [1m[36mActiveStorage::Attachment Load (0.3ms)[0m  [1m[34mSELECT  "active_storage_attachments".* FROM "active_storage_attachments" WHERE "active_storage_attachments"."record_id" = $1 AND "active_storage_attachments"."record_type" = $2 AND "active_storage_attachments"."name" = $3 LIMIT $4[0m  [["record_id", 15], ["record_type", "Item"], ["name", "image"], ["LIMIT", 1]]
  ↳ app/views/items/index.html.erb:21
  [1m[36mActiveStorage::Attachment Load (0.3ms)[0m  [1m[34mSELECT  "active_storage_attachments".* FROM "active_storage_attachments" WHERE "active_storage_attachments"."record_id" = $1 AND "active_storage_attachments"."record_type" = $2 AND "active_storage_attachments"."name" = $3 LIMIT $4[0m  [["record_id", 16], ["record_type", "Item"], ["name", "image"], ["LIMIT", 1]]
  ↳ app/views/items/index.html.erb:21
  [1m[36mActiveStorage::Attachment Load (0.3ms)[0m  [1m[34mSELECT  "active_storage_attachments".* FROM "active_storage_attachments" WHERE "active_storage_attachments"."record_id" = $1 AND "active_storage_attachments"."record_type" = $2 AND "active_storage_attachments"."name" = $3 LIMIT $4[0m  [["record_id", 17], ["record_type", "Item"], ["name", "image"], ["LIMIT", 1]]
  ↳ app/views/items/index.html.erb:21
  [1m[36mActiveStorage::Attachment Load (0.2ms)[0m  [1m[34mSELECT  "active_storage_attachments".* FROM "active_storage_attachments" WHERE "active_storage_attachments"."record_id" = $1 AND "active_storage_attachments"."record_type" = $2 AND "active_storage_attachments"."name" = $3 LIMIT $4[0m  [["record_id", 18], ["record_type", "Item"], ["name", "image"], ["LIMIT", 1]]
  ↳ app/views/items/index.html.erb:21
  [1m[36mActiveStorage::Attachment Load (0.3ms)[0m  [1m[34mSELECT  "active_storage_attachments".* FROM "active_storage_attachments" WHERE "active_storage_attachments"."record_id" = $1 AND "active_storage_attachments"."record_type" = $2 AND "active_storage_attachments"."name" = $3 LIMIT $4[0m  [["record_id", 19], ["record_type", "Item"], ["name", "image"], ["LIMIT", 1]]
  ↳ app/views/items/index.html.erb:21
  [1m[36mActiveStorage::Attachment Load (0.3ms)[0m  [1m[34mSELECT  "active_storage_attachments".* FROM "active_storage_attachments" WHERE "active_storage_attachments"."record_id" = $1 AND "active_storage_attachments"."record_type" = $2 AND "active_storage_attachments"."name" = $3 LIMIT $4[0m  [["record_id", 20], ["record_type", "Item"], ["name", "image"], ["LIMIT", 1]]
  ↳ app/views/items/index.html.erb:21
  [1m[36mActiveStorage::Attachment Load (0.3ms)[0m  [1m[34mSELECT  "active_storage_attachments".* FROM "active_storage_attachments" WHERE "active_storage_attachments"."record_id" = $1 AND "active_storage_attachments"."record_type" = $2 AND "active_storage_attachments"."name" = $3 LIMIT $4[0m  [["record_id", 21], ["record_type", "Item"], ["name", "image"], ["LIMIT", 1]]
  ↳ app/views/items/index.html.erb:21
  [1m[36mActiveStorage::Attachment Load (0.3ms)[0m  [1m[34mSELECT  "active_storage_attachments".* FROM "active_storage_attachments" WHERE "active_storage_attachments"."record_id" = $1 AND "active_storage_attachments"."record_type" = $2 AND "active_storage_attachments"."name" = $3 LIMIT $4[0m  [["record_id", 24], ["record_type", "Item"], ["name", "image"], ["LIMIT", 1]]
  ↳ app/views/items/index.html.erb:21
  [1m[36mActiveStorage::Blob Load (0.5ms)[0m  [1m[34mSELECT  "active_storage_blobs".* FROM "active_storage_blobs" WHERE "active_storage_blobs"."id" = $1 LIMIT $2[0m  [["id", 3], ["LIMIT", 1]]
  ↳ app/views/items/index.html.erb:21
  Rendered items/index.html.erb within layouts/application (226.8ms)
  [1m[36mUser Load (1.2ms)[0m  [1m[34mSELECT  "users".* FROM "users" WHERE "users"."id" = $1 ORDER BY "users"."id" ASC LIMIT $2[0m  [["id", 17], ["LIMIT", 1]]
  ↳ app/views/layouts/application.html.erb:59
  [1m[36mItem Load (2.7ms)[0m  [1m[34mSELECT "items".* FROM "items" INNER JOIN "cart_items" ON "items"."id" = "cart_items"."item_id" INNER JOIN "carts" ON "cart_items"."cart_id" = "carts"."id" WHERE "carts"."user_id" = $1[0m  [["user_id", 17]]
  ↳ app/views/layouts/application.html.erb:60
Completed 200 OK in 1923ms (Views: 1790.3ms | ActiveRecord: 119.7ms)


Started GET "/rails/active_storage/blobs/eyJfcmFpbHMiOnsibWVzc2FnZSI6IkJBaHBDQT09IiwiZXhwIjpudWxsLCJwdXIiOiJibG9iX2lkIn19--690a44e0c1efe765c4afce5d0618b4326ebd5297/chat-bleu.jpeg" for ::1 at 2019-11-28 14:25:34 +0100
Processing by ActiveStorage::BlobsController#show as JPEG
  Parameters: {"signed_id"=>"eyJfcmFpbHMiOnsibWVzc2FnZSI6IkJBaHBDQT09IiwiZXhwIjpudWxsLCJwdXIiOiJibG9iX2lkIn19--690a44e0c1efe765c4afce5d0618b4326ebd5297", "filename"=>"chat-bleu"}
  [1m[36mActiveStorage::Blob Load (1.0ms)[0m  [1m[34mSELECT  "active_storage_blobs".* FROM "active_storage_blobs" WHERE "active_storage_blobs"."id" = $1 LIMIT $2[0m  [["id", 3], ["LIMIT", 1]]
  ↳ /Users/augustin/.rvm/gems/ruby-2.5.1/gems/activerecord-5.2.3/lib/active_record/log_subscriber.rb:98
[36m  Disk Storage (618.9ms) [0m[34mGenerated URL for file at key: stWbNXC2bUZkTWnj8NMAkifq (http://localhost:3000/rails/active_storage/disk/eyJfcmFpbHMiOnsibWVzc2FnZSI6IkJBaDdDRG9JYTJWNVNTSWRjM1JYWWs1WVF6SmlWVnByVkZkdWFqaE9UVUZyYVdaeEJqb0dSVlE2RUdScGMzQnZjMmwwYVc5dVNTSkhhVzVzYVc1bE95Qm1hV3hsYm1GdFpUMGlZMmhoZEMxaWJHVjFMbXB3WldjaU95Qm1hV3hsYm1GdFpTbzlWVlJHTFRnbkoyTm9ZWFF0WW14bGRTNXFjR1ZuQmpzR1ZEb1JZMjl1ZEdWdWRGOTBlWEJsU1NJUGFXMWhaMlV2YW5CbFp3WTdCbFE9IiwiZXhwIjoiMjAxOS0xMS0yOFQxMzozMDozNS4yMjBaIiwicHVyIjoiYmxvYl9rZXkifX0=--7bfb1f2ff3f89e044cc9ae02bfd17e98cf984aa5/chat-bleu.jpeg?content_type=image%2Fjpeg&disposition=inline%3B+filename%3D%22chat-bleu.jpeg%22%3B+filename%2A%3DUTF-8%27%27chat-bleu.jpeg)[0m
Redirected to http://localhost:3000/rails/active_storage/disk/eyJfcmFpbHMiOnsibWVzc2FnZSI6IkJBaDdDRG9JYTJWNVNTSWRjM1JYWWs1WVF6SmlWVnByVkZkdWFqaE9UVUZyYVdaeEJqb0dSVlE2RUdScGMzQnZjMmwwYVc5dVNTSkhhVzVzYVc1bE95Qm1hV3hsYm1GdFpUMGlZMmhoZEMxaWJHVjFMbXB3WldjaU95Qm1hV3hsYm1GdFpTbzlWVlJHTFRnbkoyTm9ZWFF0WW14bGRTNXFjR1ZuQmpzR1ZEb1JZMjl1ZEdWdWRGOTBlWEJsU1NJUGFXMWhaMlV2YW5CbFp3WTdCbFE9IiwiZXhwIjoiMjAxOS0xMS0yOFQxMzozMDozNS4yMjBaIiwicHVyIjoiYmxvYl9rZXkifX0=--7bfb1f2ff3f89e044cc9ae02bfd17e98cf984aa5/chat-bleu.jpeg?content_type=image%2Fjpeg&disposition=inline%3B+filename%3D%22chat-bleu.jpeg%22%3B+filename%2A%3DUTF-8%27%27chat-bleu.jpeg
Completed 302 Found in 651ms (ActiveRecord: 1.5ms)


Started GET "/rails/active_storage/disk/eyJfcmFpbHMiOnsibWVzc2FnZSI6IkJBaDdDRG9JYTJWNVNTSWRjM1JYWWs1WVF6SmlWVnByVkZkdWFqaE9UVUZyYVdaeEJqb0dSVlE2RUdScGMzQnZjMmwwYVc5dVNTSkhhVzVzYVc1bE95Qm1hV3hsYm1GdFpUMGlZMmhoZEMxaWJHVjFMbXB3WldjaU95Qm1hV3hsYm1GdFpTbzlWVlJHTFRnbkoyTm9ZWFF0WW14bGRTNXFjR1ZuQmpzR1ZEb1JZMjl1ZEdWdWRGOTBlWEJsU1NJUGFXMWhaMlV2YW5CbFp3WTdCbFE9IiwiZXhwIjoiMjAxOS0xMS0yOFQxMzozMDozNS4yMjBaIiwicHVyIjoiYmxvYl9rZXkifX0=--7bfb1f2ff3f89e044cc9ae02bfd17e98cf984aa5/chat-bleu.jpeg?content_type=image%2Fjpeg&disposition=inline%3B+filename%3D%22chat-bleu.jpeg%22%3B+filename%2A%3DUTF-8%27%27chat-bleu.jpeg" for ::1 at 2019-11-28 14:25:35 +0100
Processing by ActiveStorage::DiskController#show as JPEG
  Parameters: {"content_type"=>"image/jpeg", "disposition"=>"inline; filename=\"chat-bleu.jpeg\"; filename*=UTF-8''chat-bleu.jpeg", "encoded_key"=>"eyJfcmFpbHMiOnsibWVzc2FnZSI6IkJBaDdDRG9JYTJWNVNTSWRjM1JYWWs1WVF6SmlWVnByVkZkdWFqaE9UVUZyYVdaeEJqb0dSVlE2RUdScGMzQnZjMmwwYVc5dVNTSkhhVzVzYVc1bE95Qm1hV3hsYm1GdFpUMGlZMmhoZEMxaWJHVjFMbXB3WldjaU95Qm1hV3hsYm1GdFpTbzlWVlJHTFRnbkoyTm9ZWFF0WW14bGRTNXFjR1ZuQmpzR1ZEb1JZMjl1ZEdWdWRGOTBlWEJsU1NJUGFXMWhaMlV2YW5CbFp3WTdCbFE9IiwiZXhwIjoiMjAxOS0xMS0yOFQxMzozMDozNS4yMjBaIiwicHVyIjoiYmxvYl9rZXkifX0=--7bfb1f2ff3f89e044cc9ae02bfd17e98cf984aa5", "filename"=>"chat-bleu"}
Completed 200 OK in 1ms (ActiveRecord: 0.0ms)


Started GET "/items" for ::1 at 2019-11-28 14:25:45 +0100
Processing by ItemsController#index as HTML
  Rendering items/index.html.erb within layouts/application
  [1m[36mItem Load (1.1ms)[0m  [1m[34mSELECT "items".* FROM "items"[0m
  ↳ app/views/items/index.html.erb:15
  [1m[36mActiveStorage::Attachment Load (0.8ms)[0m  [1m[34mSELECT  "active_storage_attachments".* FROM "active_storage_attachments" WHERE "active_storage_attachments"."record_id" = $1 AND "active_storage_attachments"."record_type" = $2 AND "active_storage_attachments"."name" = $3 LIMIT $4[0m  [["record_id", 1], ["record_type", "Item"], ["name", "image"], ["LIMIT", 1]]
  ↳ app/views/items/index.html.erb:21
  [1m[36mActiveStorage::Attachment Load (0.4ms)[0m  [1m[34mSELECT  "active_storage_attachments".* FROM "active_storage_attachments" WHERE "active_storage_attachments"."record_id" = $1 AND "active_storage_attachments"."record_type" = $2 AND "active_storage_attachments"."name" = $3 LIMIT $4[0m  [["record_id", 2], ["record_type", "Item"], ["name", "image"], ["LIMIT", 1]]
  ↳ app/views/items/index.html.erb:21
  [1m[36mActiveStorage::Attachment Load (0.4ms)[0m  [1m[34mSELECT  "active_storage_attachments".* FROM "active_storage_attachments" WHERE "active_storage_attachments"."record_id" = $1 AND "active_storage_attachments"."record_type" = $2 AND "active_storage_attachments"."name" = $3 LIMIT $4[0m  [["record_id", 3], ["record_type", "Item"], ["name", "image"], ["LIMIT", 1]]
  ↳ app/views/items/index.html.erb:21
  [1m[36mActiveStorage::Attachment Load (1.0ms)[0m  [1m[34mSELECT  "active_storage_attachments".* FROM "active_storage_attachments" WHERE "active_storage_attachments"."record_id" = $1 AND "active_storage_attachments"."record_type" = $2 AND "active_storage_attachments"."name" = $3 LIMIT $4[0m  [["record_id", 4], ["record_type", "Item"], ["name", "image"], ["LIMIT", 1]]
  ↳ app/views/items/index.html.erb:21
  [1m[36mActiveStorage::Attachment Load (0.4ms)[0m  [1m[34mSELECT  "active_storage_attachments".* FROM "active_storage_attachments" WHERE "active_storage_attachments"."record_id" = $1 AND "active_storage_attachments"."record_type" = $2 AND "active_storage_attachments"."name" = $3 LIMIT $4[0m  [["record_id", 5], ["record_type", "Item"], ["name", "image"], ["LIMIT", 1]]
  ↳ app/views/items/index.html.erb:21
  [1m[36mActiveStorage::Attachment Load (0.4ms)[0m  [1m[34mSELECT  "active_storage_attachments".* FROM "active_storage_attachments" WHERE "active_storage_attachments"."record_id" = $1 AND "active_storage_attachments"."record_type" = $2 AND "active_storage_attachments"."name" = $3 LIMIT $4[0m  [["record_id", 6], ["record_type", "Item"], ["name", "image"], ["LIMIT", 1]]
  ↳ app/views/items/index.html.erb:21
  [1m[36mActiveStorage::Attachment Load (0.5ms)[0m  [1m[34mSELECT  "active_storage_attachments".* FROM "active_storage_attachments" WHERE "active_storage_attachments"."record_id" = $1 AND "active_storage_attachments"."record_type" = $2 AND "active_storage_attachments"."name" = $3 LIMIT $4[0m  [["record_id", 7], ["record_type", "Item"], ["name", "image"], ["LIMIT", 1]]
  ↳ app/views/items/index.html.erb:21
  [1m[36mActiveStorage::Attachment Load (0.4ms)[0m  [1m[34mSELECT  "active_storage_attachments".* FROM "active_storage_attachments" WHERE "active_storage_attachments"."record_id" = $1 AND "active_storage_attachments"."record_type" = $2 AND "active_storage_attachments"."name" = $3 LIMIT $4[0m  [["record_id", 8], ["record_type", "Item"], ["name", "image"], ["LIMIT", 1]]
  ↳ app/views/items/index.html.erb:21
  [1m[36mActiveStorage::Attachment Load (0.3ms)[0m  [1m[34mSELECT  "active_storage_attachments".* FROM "active_storage_attachments" WHERE "active_storage_attachments"."record_id" = $1 AND "active_storage_attachments"."record_type" = $2 AND "active_storage_attachments"."name" = $3 LIMIT $4[0m  [["record_id", 9], ["record_type", "Item"], ["name", "image"], ["LIMIT", 1]]
  ↳ app/views/items/index.html.erb:21
  [1m[36mActiveStorage::Attachment Load (0.3ms)[0m  [1m[34mSELECT  "active_storage_attachments".* FROM "active_storage_attachments" WHERE "active_storage_attachments"."record_id" = $1 AND "active_storage_attachments"."record_type" = $2 AND "active_storage_attachments"."name" = $3 LIMIT $4[0m  [["record_id", 10], ["record_type", "Item"], ["name", "image"], ["LIMIT", 1]]
  ↳ app/views/items/index.html.erb:21
  [1m[36mActiveStorage::Attachment Load (0.3ms)[0m  [1m[34mSELECT  "active_storage_attachments".* FROM "active_storage_attachments" WHERE "active_storage_attachments"."record_id" = $1 AND "active_storage_attachments"."record_type" = $2 AND "active_storage_attachments"."name" = $3 LIMIT $4[0m  [["record_id", 11], ["record_type", "Item"], ["name", "image"], ["LIMIT", 1]]
  ↳ app/views/items/index.html.erb:21
  [1m[36mActiveStorage::Attachment Load (0.4ms)[0m  [1m[34mSELECT  "active_storage_attachments".* FROM "active_storage_attachments" WHERE "active_storage_attachments"."record_id" = $1 AND "active_storage_attachments"."record_type" = $2 AND "active_storage_attachments"."name" = $3 LIMIT $4[0m  [["record_id", 12], ["record_type", "Item"], ["name", "image"], ["LIMIT", 1]]
  ↳ app/views/items/index.html.erb:21
  [1m[36mActiveStorage::Attachment Load (0.3ms)[0m  [1m[34mSELECT  "active_storage_attachments".* FROM "active_storage_attachments" WHERE "active_storage_attachments"."record_id" = $1 AND "active_storage_attachments"."record_type" = $2 AND "active_storage_attachments"."name" = $3 LIMIT $4[0m  [["record_id", 13], ["record_type", "Item"], ["name", "image"], ["LIMIT", 1]]
  ↳ app/views/items/index.html.erb:21
  [1m[36mActiveStorage::Attachment Load (0.3ms)[0m  [1m[34mSELECT  "active_storage_attachments".* FROM "active_storage_attachments" WHERE "active_storage_attachments"."record_id" = $1 AND "active_storage_attachments"."record_type" = $2 AND "active_storage_attachments"."name" = $3 LIMIT $4[0m  [["record_id", 14], ["record_type", "Item"], ["name", "image"], ["LIMIT", 1]]
  ↳ app/views/items/index.html.erb:21
  [1m[36mActiveStorage::Attachment Load (0.3ms)[0m  [1m[34mSELECT  "active_storage_attachments".* FROM "active_storage_attachments" WHERE "active_storage_attachments"."record_id" = $1 AND "active_storage_attachments"."record_type" = $2 AND "active_storage_attachments"."name" = $3 LIMIT $4[0m  [["record_id", 15], ["record_type", "Item"], ["name", "image"], ["LIMIT", 1]]
  ↳ app/views/items/index.html.erb:21
  [1m[36mActiveStorage::Attachment Load (0.3ms)[0m  [1m[34mSELECT  "active_storage_attachments".* FROM "active_storage_attachments" WHERE "active_storage_attachments"."record_id" = $1 AND "active_storage_attachments"."record_type" = $2 AND "active_storage_attachments"."name" = $3 LIMIT $4[0m  [["record_id", 16], ["record_type", "Item"], ["name", "image"], ["LIMIT", 1]]
  ↳ app/views/items/index.html.erb:21
  [1m[36mActiveStorage::Attachment Load (0.3ms)[0m  [1m[34mSELECT  "active_storage_attachments".* FROM "active_storage_attachments" WHERE "active_storage_attachments"."record_id" = $1 AND "active_storage_attachments"."record_type" = $2 AND "active_storage_attachments"."name" = $3 LIMIT $4[0m  [["record_id", 17], ["record_type", "Item"], ["name", "image"], ["LIMIT", 1]]
  ↳ app/views/items/index.html.erb:21
  [1m[36mActiveStorage::Attachment Load (0.2ms)[0m  [1m[34mSELECT  "active_storage_attachments".* FROM "active_storage_attachments" WHERE "active_storage_attachments"."record_id" = $1 AND "active_storage_attachments"."record_type" = $2 AND "active_storage_attachments"."name" = $3 LIMIT $4[0m  [["record_id", 18], ["record_type", "Item"], ["name", "image"], ["LIMIT", 1]]
  ↳ app/views/items/index.html.erb:21
  [1m[36mActiveStorage::Attachment Load (0.3ms)[0m  [1m[34mSELECT  "active_storage_attachments".* FROM "active_storage_attachments" WHERE "active_storage_attachments"."record_id" = $1 AND "active_storage_attachments"."record_type" = $2 AND "active_storage_attachments"."name" = $3 LIMIT $4[0m  [["record_id", 19], ["record_type", "Item"], ["name", "image"], ["LIMIT", 1]]
  ↳ app/views/items/index.html.erb:21
  [1m[36mActiveStorage::Attachment Load (0.3ms)[0m  [1m[34mSELECT  "active_storage_attachments".* FROM "active_storage_attachments" WHERE "active_storage_attachments"."record_id" = $1 AND "active_storage_attachments"."record_type" = $2 AND "active_storage_attachments"."name" = $3 LIMIT $4[0m  [["record_id", 20], ["record_type", "Item"], ["name", "image"], ["LIMIT", 1]]
  ↳ app/views/items/index.html.erb:21
  [1m[36mActiveStorage::Attachment Load (0.3ms)[0m  [1m[34mSELECT  "active_storage_attachments".* FROM "active_storage_attachments" WHERE "active_storage_attachments"."record_id" = $1 AND "active_storage_attachments"."record_type" = $2 AND "active_storage_attachments"."name" = $3 LIMIT $4[0m  [["record_id", 21], ["record_type", "Item"], ["name", "image"], ["LIMIT", 1]]
  ↳ app/views/items/index.html.erb:21
  [1m[36mActiveStorage::Attachment Load (0.4ms)[0m  [1m[34mSELECT  "active_storage_attachments".* FROM "active_storage_attachments" WHERE "active_storage_attachments"."record_id" = $1 AND "active_storage_attachments"."record_type" = $2 AND "active_storage_attachments"."name" = $3 LIMIT $4[0m  [["record_id", 24], ["record_type", "Item"], ["name", "image"], ["LIMIT", 1]]
  ↳ app/views/items/index.html.erb:21
  [1m[36mActiveStorage::Blob Load (0.3ms)[0m  [1m[34mSELECT  "active_storage_blobs".* FROM "active_storage_blobs" WHERE "active_storage_blobs"."id" = $1 LIMIT $2[0m  [["id", 3], ["LIMIT", 1]]
  ↳ app/views/items/index.html.erb:21
  Rendered items/index.html.erb within layouts/application (61.4ms)
  [1m[36mUser Load (0.7ms)[0m  [1m[34mSELECT  "users".* FROM "users" WHERE "users"."id" = $1 ORDER BY "users"."id" ASC LIMIT $2[0m  [["id", 17], ["LIMIT", 1]]
  ↳ app/views/layouts/application.html.erb:59
  [1m[36mItem Load (1.2ms)[0m  [1m[34mSELECT "items".* FROM "items" INNER JOIN "cart_items" ON "items"."id" = "cart_items"."item_id" INNER JOIN "carts" ON "cart_items"."cart_id" = "carts"."id" WHERE "carts"."user_id" = $1[0m  [["user_id", 17]]
  ↳ app/views/layouts/application.html.erb:60
Completed 200 OK in 141ms (Views: 124.7ms | ActiveRecord: 11.9ms)


Started GET "/rails/active_storage/disk/eyJfcmFpbHMiOnsibWVzc2FnZSI6IkJBaDdDRG9JYTJWNVNTSWRjM1JYWWs1WVF6SmlWVnByVkZkdWFqaE9UVUZyYVdaeEJqb0dSVlE2RUdScGMzQnZjMmwwYVc5dVNTSkhhVzVzYVc1bE95Qm1hV3hsYm1GdFpUMGlZMmhoZEMxaWJHVjFMbXB3WldjaU95Qm1hV3hsYm1GdFpTbzlWVlJHTFRnbkoyTm9ZWFF0WW14bGRTNXFjR1ZuQmpzR1ZEb1JZMjl1ZEdWdWRGOTBlWEJsU1NJUGFXMWhaMlV2YW5CbFp3WTdCbFE9IiwiZXhwIjoiMjAxOS0xMS0yOFQxMzozMDozNS4yMjBaIiwicHVyIjoiYmxvYl9rZXkifX0=--7bfb1f2ff3f89e044cc9ae02bfd17e98cf984aa5/chat-bleu.jpeg?content_type=image%2Fjpeg&disposition=inline%3B+filename%3D%22chat-bleu.jpeg%22%3B+filename%2A%3DUTF-8%27%27chat-bleu.jpeg" for ::1 at 2019-11-28 14:25:45 +0100
Processing by ActiveStorage::DiskController#show as JPEG
  Parameters: {"content_type"=>"image/jpeg", "disposition"=>"inline; filename=\"chat-bleu.jpeg\"; filename*=UTF-8''chat-bleu.jpeg", "encoded_key"=>"eyJfcmFpbHMiOnsibWVzc2FnZSI6IkJBaDdDRG9JYTJWNVNTSWRjM1JYWWs1WVF6SmlWVnByVkZkdWFqaE9UVUZyYVdaeEJqb0dSVlE2RUdScGMzQnZjMmwwYVc5dVNTSkhhVzVzYVc1bE95Qm1hV3hsYm1GdFpUMGlZMmhoZEMxaWJHVjFMbXB3WldjaU95Qm1hV3hsYm1GdFpTbzlWVlJHTFRnbkoyTm9ZWFF0WW14bGRTNXFjR1ZuQmpzR1ZEb1JZMjl1ZEdWdWRGOTBlWEJsU1NJUGFXMWhaMlV2YW5CbFp3WTdCbFE9IiwiZXhwIjoiMjAxOS0xMS0yOFQxMzozMDozNS4yMjBaIiwicHVyIjoiYmxvYl9rZXkifX0=--7bfb1f2ff3f89e044cc9ae02bfd17e98cf984aa5", "filename"=>"chat-bleu"}
Completed 304 Not Modified in 1ms (ActiveRecord: 0.0ms)


Started GET "/items" for ::1 at 2019-11-28 14:25:53 +0100
Processing by ItemsController#index as HTML
  Rendering items/index.html.erb within layouts/application
  [1m[36mItem Load (0.6ms)[0m  [1m[34mSELECT "items".* FROM "items"[0m
  ↳ app/views/items/index.html.erb:15
  [1m[36mActiveStorage::Attachment Load (0.4ms)[0m  [1m[34mSELECT  "active_storage_attachments".* FROM "active_storage_attachments" WHERE "active_storage_attachments"."record_id" = $1 AND "active_storage_attachments"."record_type" = $2 AND "active_storage_attachments"."name" = $3 LIMIT $4[0m  [["record_id", 1], ["record_type", "Item"], ["name", "image"], ["LIMIT", 1]]
  ↳ app/views/items/index.html.erb:21
  [1m[36mActiveStorage::Attachment Load (0.3ms)[0m  [1m[34mSELECT  "active_storage_attachments".* FROM "active_storage_attachments" WHERE "active_storage_attachments"."record_id" = $1 AND "active_storage_attachments"."record_type" = $2 AND "active_storage_attachments"."name" = $3 LIMIT $4[0m  [["record_id", 2], ["record_type", "Item"], ["name", "image"], ["LIMIT", 1]]
  ↳ app/views/items/index.html.erb:21
  [1m[36mActiveStorage::Attachment Load (0.3ms)[0m  [1m[34mSELECT  "active_storage_attachments".* FROM "active_storage_attachments" WHERE "active_storage_attachments"."record_id" = $1 AND "active_storage_attachments"."record_type" = $2 AND "active_storage_attachments"."name" = $3 LIMIT $4[0m  [["record_id", 3], ["record_type", "Item"], ["name", "image"], ["LIMIT", 1]]
  ↳ app/views/items/index.html.erb:21
  [1m[36mActiveStorage::Attachment Load (0.3ms)[0m  [1m[34mSELECT  "active_storage_attachments".* FROM "active_storage_attachments" WHERE "active_storage_attachments"."record_id" = $1 AND "active_storage_attachments"."record_type" = $2 AND "active_storage_attachments"."name" = $3 LIMIT $4[0m  [["record_id", 4], ["record_type", "Item"], ["name", "image"], ["LIMIT", 1]]
  ↳ app/views/items/index.html.erb:21
  [1m[36mActiveStorage::Attachment Load (0.3ms)[0m  [1m[34mSELECT  "active_storage_attachments".* FROM "active_storage_attachments" WHERE "active_storage_attachments"."record_id" = $1 AND "active_storage_attachments"."record_type" = $2 AND "active_storage_attachments"."name" = $3 LIMIT $4[0m  [["record_id", 5], ["record_type", "Item"], ["name", "image"], ["LIMIT", 1]]
  ↳ app/views/items/index.html.erb:21
  [1m[36mActiveStorage::Attachment Load (2.0ms)[0m  [1m[34mSELECT  "active_storage_attachments".* FROM "active_storage_attachments" WHERE "active_storage_attachments"."record_id" = $1 AND "active_storage_attachments"."record_type" = $2 AND "active_storage_attachments"."name" = $3 LIMIT $4[0m  [["record_id", 6], ["record_type", "Item"], ["name", "image"], ["LIMIT", 1]]
  ↳ app/views/items/index.html.erb:21
  [1m[36mActiveStorage::Attachment Load (0.3ms)[0m  [1m[34mSELECT  "active_storage_attachments".* FROM "active_storage_attachments" WHERE "active_storage_attachments"."record_id" = $1 AND "active_storage_attachments"."record_type" = $2 AND "active_storage_attachments"."name" = $3 LIMIT $4[0m  [["record_id", 7], ["record_type", "Item"], ["name", "image"], ["LIMIT", 1]]
  ↳ app/views/items/index.html.erb:21
  [1m[36mActiveStorage::Attachment Load (1.1ms)[0m  [1m[34mSELECT  "active_storage_attachments".* FROM "active_storage_attachments" WHERE "active_storage_attachments"."record_id" = $1 AND "active_storage_attachments"."record_type" = $2 AND "active_storage_attachments"."name" = $3 LIMIT $4[0m  [["record_id", 8], ["record_type", "Item"], ["name", "image"], ["LIMIT", 1]]
  ↳ app/views/items/index.html.erb:21
  [1m[36mActiveStorage::Attachment Load (0.3ms)[0m  [1m[34mSELECT  "active_storage_attachments".* FROM "active_storage_attachments" WHERE "active_storage_attachments"."record_id" = $1 AND "active_storage_attachments"."record_type" = $2 AND "active_storage_attachments"."name" = $3 LIMIT $4[0m  [["record_id", 9], ["record_type", "Item"], ["name", "image"], ["LIMIT", 1]]
  ↳ app/views/items/index.html.erb:21
  [1m[36mActiveStorage::Attachment Load (0.3ms)[0m  [1m[34mSELECT  "active_storage_attachments".* FROM "active_storage_attachments" WHERE "active_storage_attachments"."record_id" = $1 AND "active_storage_attachments"."record_type" = $2 AND "active_storage_attachments"."name" = $3 LIMIT $4[0m  [["record_id", 10], ["record_type", "Item"], ["name", "image"], ["LIMIT", 1]]
  ↳ app/views/items/index.html.erb:21
  [1m[36mActiveStorage::Attachment Load (0.2ms)[0m  [1m[34mSELECT  "active_storage_attachments".* FROM "active_storage_attachments" WHERE "active_storage_attachments"."record_id" = $1 AND "active_storage_attachments"."record_type" = $2 AND "active_storage_attachments"."name" = $3 LIMIT $4[0m  [["record_id", 11], ["record_type", "Item"], ["name", "image"], ["LIMIT", 1]]
  ↳ app/views/items/index.html.erb:21
  [1m[36mActiveStorage::Attachment Load (0.3ms)[0m  [1m[34mSELECT  "active_storage_attachments".* FROM "active_storage_attachments" WHERE "active_storage_attachments"."record_id" = $1 AND "active_storage_attachments"."record_type" = $2 AND "active_storage_attachments"."name" = $3 LIMIT $4[0m  [["record_id", 12], ["record_type", "Item"], ["name", "image"], ["LIMIT", 1]]
  ↳ app/views/items/index.html.erb:21
  [1m[36mActiveStorage::Attachment Load (0.3ms)[0m  [1m[34mSELECT  "active_storage_attachments".* FROM "active_storage_attachments" WHERE "active_storage_attachments"."record_id" = $1 AND "active_storage_attachments"."record_type" = $2 AND "active_storage_attachments"."name" = $3 LIMIT $4[0m  [["record_id", 13], ["record_type", "Item"], ["name", "image"], ["LIMIT", 1]]
  ↳ app/views/items/index.html.erb:21
  [1m[36mActiveStorage::Attachment Load (0.3ms)[0m  [1m[34mSELECT  "active_storage_attachments".* FROM "active_storage_attachments" WHERE "active_storage_attachments"."record_id" = $1 AND "active_storage_attachments"."record_type" = $2 AND "active_storage_attachments"."name" = $3 LIMIT $4[0m  [["record_id", 14], ["record_type", "Item"], ["name", "image"], ["LIMIT", 1]]
  ↳ app/views/items/index.html.erb:21
  [1m[36mActiveStorage::Attachment Load (0.3ms)[0m  [1m[34mSELECT  "active_storage_attachments".* FROM "active_storage_attachments" WHERE "active_storage_attachments"."record_id" = $1 AND "active_storage_attachments"."record_type" = $2 AND "active_storage_attachments"."name" = $3 LIMIT $4[0m  [["record_id", 15], ["record_type", "Item"], ["name", "image"], ["LIMIT", 1]]
  ↳ app/views/items/index.html.erb:21
  [1m[36mActiveStorage::Attachment Load (6.4ms)[0m  [1m[34mSELECT  "active_storage_attachments".* FROM "active_storage_attachments" WHERE "active_storage_attachments"."record_id" = $1 AND "active_storage_attachments"."record_type" = $2 AND "active_storage_attachments"."name" = $3 LIMIT $4[0m  [["record_id", 16], ["record_type", "Item"], ["name", "image"], ["LIMIT", 1]]
  ↳ app/views/items/index.html.erb:21
  [1m[36mActiveStorage::Attachment Load (0.4ms)[0m  [1m[34mSELECT  "active_storage_attachments".* FROM "active_storage_attachments" WHERE "active_storage_attachments"."record_id" = $1 AND "active_storage_attachments"."record_type" = $2 AND "active_storage_attachments"."name" = $3 LIMIT $4[0m  [["record_id", 17], ["record_type", "Item"], ["name", "image"], ["LIMIT", 1]]
  ↳ app/views/items/index.html.erb:21
  [1m[36mActiveStorage::Attachment Load (0.3ms)[0m  [1m[34mSELECT  "active_storage_attachments".* FROM "active_storage_attachments" WHERE "active_storage_attachments"."record_id" = $1 AND "active_storage_attachments"."record_type" = $2 AND "active_storage_attachments"."name" = $3 LIMIT $4[0m  [["record_id", 18], ["record_type", "Item"], ["name", "image"], ["LIMIT", 1]]
  ↳ app/views/items/index.html.erb:21
  [1m[36mActiveStorage::Attachment Load (0.3ms)[0m  [1m[34mSELECT  "active_storage_attachments".* FROM "active_storage_attachments" WHERE "active_storage_attachments"."record_id" = $1 AND "active_storage_attachments"."record_type" = $2 AND "active_storage_attachments"."name" = $3 LIMIT $4[0m  [["record_id", 19], ["record_type", "Item"], ["name", "image"], ["LIMIT", 1]]
  ↳ app/views/items/index.html.erb:21
  [1m[36mActiveStorage::Attachment Load (0.3ms)[0m  [1m[34mSELECT  "active_storage_attachments".* FROM "active_storage_attachments" WHERE "active_storage_attachments"."record_id" = $1 AND "active_storage_attachments"."record_type" = $2 AND "active_storage_attachments"."name" = $3 LIMIT $4[0m  [["record_id", 20], ["record_type", "Item"], ["name", "image"], ["LIMIT", 1]]
  ↳ app/views/items/index.html.erb:21
  [1m[36mActiveStorage::Attachment Load (0.3ms)[0m  [1m[34mSELECT  "active_storage_attachments".* FROM "active_storage_attachments" WHERE "active_storage_attachments"."record_id" = $1 AND "active_storage_attachments"."record_type" = $2 AND "active_storage_attachments"."name" = $3 LIMIT $4[0m  [["record_id", 21], ["record_type", "Item"], ["name", "image"], ["LIMIT", 1]]
  ↳ app/views/items/index.html.erb:21
  [1m[36mActiveStorage::Attachment Load (0.3ms)[0m  [1m[34mSELECT  "active_storage_attachments".* FROM "active_storage_attachments" WHERE "active_storage_attachments"."record_id" = $1 AND "active_storage_attachments"."record_type" = $2 AND "active_storage_attachments"."name" = $3 LIMIT $4[0m  [["record_id", 24], ["record_type", "Item"], ["name", "image"], ["LIMIT", 1]]
  ↳ app/views/items/index.html.erb:21
  [1m[36mActiveStorage::Blob Load (0.4ms)[0m  [1m[34mSELECT  "active_storage_blobs".* FROM "active_storage_blobs" WHERE "active_storage_blobs"."id" = $1 LIMIT $2[0m  [["id", 3], ["LIMIT", 1]]
  ↳ app/views/items/index.html.erb:21
  Rendered items/index.html.erb within layouts/application (91.5ms)
  [1m[36mUser Load (0.8ms)[0m  [1m[34mSELECT  "users".* FROM "users" WHERE "users"."id" = $1 ORDER BY "users"."id" ASC LIMIT $2[0m  [["id", 17], ["LIMIT", 1]]
  ↳ app/views/layouts/application.html.erb:59
  [1m[36mItem Load (0.8ms)[0m  [1m[34mSELECT "items".* FROM "items" INNER JOIN "cart_items" ON "items"."id" = "cart_items"."item_id" INNER JOIN "carts" ON "cart_items"."cart_id" = "carts"."id" WHERE "carts"."user_id" = $1[0m  [["user_id", 17]]
  ↳ app/views/layouts/application.html.erb:60
Completed 200 OK in 177ms (Views: 148.3ms | ActiveRecord: 17.8ms)


Started GET "/rails/active_storage/disk/eyJfcmFpbHMiOnsibWVzc2FnZSI6IkJBaDdDRG9JYTJWNVNTSWRjM1JYWWs1WVF6SmlWVnByVkZkdWFqaE9UVUZyYVdaeEJqb0dSVlE2RUdScGMzQnZjMmwwYVc5dVNTSkhhVzVzYVc1bE95Qm1hV3hsYm1GdFpUMGlZMmhoZEMxaWJHVjFMbXB3WldjaU95Qm1hV3hsYm1GdFpTbzlWVlJHTFRnbkoyTm9ZWFF0WW14bGRTNXFjR1ZuQmpzR1ZEb1JZMjl1ZEdWdWRGOTBlWEJsU1NJUGFXMWhaMlV2YW5CbFp3WTdCbFE9IiwiZXhwIjoiMjAxOS0xMS0yOFQxMzozMDozNS4yMjBaIiwicHVyIjoiYmxvYl9rZXkifX0=--7bfb1f2ff3f89e044cc9ae02bfd17e98cf984aa5/chat-bleu.jpeg?content_type=image%2Fjpeg&disposition=inline%3B+filename%3D%22chat-bleu.jpeg%22%3B+filename%2A%3DUTF-8%27%27chat-bleu.jpeg" for ::1 at 2019-11-28 14:25:54 +0100
Processing by ActiveStorage::DiskController#show as JPEG
  Parameters: {"content_type"=>"image/jpeg", "disposition"=>"inline; filename=\"chat-bleu.jpeg\"; filename*=UTF-8''chat-bleu.jpeg", "encoded_key"=>"eyJfcmFpbHMiOnsibWVzc2FnZSI6IkJBaDdDRG9JYTJWNVNTSWRjM1JYWWs1WVF6SmlWVnByVkZkdWFqaE9UVUZyYVdaeEJqb0dSVlE2RUdScGMzQnZjMmwwYVc5dVNTSkhhVzVzYVc1bE95Qm1hV3hsYm1GdFpUMGlZMmhoZEMxaWJHVjFMbXB3WldjaU95Qm1hV3hsYm1GdFpTbzlWVlJHTFRnbkoyTm9ZWFF0WW14bGRTNXFjR1ZuQmpzR1ZEb1JZMjl1ZEdWdWRGOTBlWEJsU1NJUGFXMWhaMlV2YW5CbFp3WTdCbFE9IiwiZXhwIjoiMjAxOS0xMS0yOFQxMzozMDozNS4yMjBaIiwicHVyIjoiYmxvYl9rZXkifX0=--7bfb1f2ff3f89e044cc9ae02bfd17e98cf984aa5", "filename"=>"chat-bleu"}
Completed 304 Not Modified in 1ms (ActiveRecord: 0.0ms)


Started GET "/items" for ::1 at 2019-11-28 14:26:19 +0100
Processing by ItemsController#index as HTML
  Rendering items/index.html.erb within layouts/application
  [1m[36mItem Load (0.6ms)[0m  [1m[34mSELECT "items".* FROM "items"[0m
  ↳ app/views/items/index.html.erb:15
  [1m[36mActiveStorage::Attachment Load (0.6ms)[0m  [1m[34mSELECT  "active_storage_attachments".* FROM "active_storage_attachments" WHERE "active_storage_attachments"."record_id" = $1 AND "active_storage_attachments"."record_type" = $2 AND "active_storage_attachments"."name" = $3 LIMIT $4[0m  [["record_id", 1], ["record_type", "Item"], ["name", "image"], ["LIMIT", 1]]
  ↳ app/views/items/index.html.erb:21
  [1m[36mActiveStorage::Attachment Load (0.3ms)[0m  [1m[34mSELECT  "active_storage_attachments".* FROM "active_storage_attachments" WHERE "active_storage_attachments"."record_id" = $1 AND "active_storage_attachments"."record_type" = $2 AND "active_storage_attachments"."name" = $3 LIMIT $4[0m  [["record_id", 2], ["record_type", "Item"], ["name", "image"], ["LIMIT", 1]]
  ↳ app/views/items/index.html.erb:21
  [1m[36mActiveStorage::Attachment Load (0.4ms)[0m  [1m[34mSELECT  "active_storage_attachments".* FROM "active_storage_attachments" WHERE "active_storage_attachments"."record_id" = $1 AND "active_storage_attachments"."record_type" = $2 AND "active_storage_attachments"."name" = $3 LIMIT $4[0m  [["record_id", 3], ["record_type", "Item"], ["name", "image"], ["LIMIT", 1]]
  ↳ app/views/items/index.html.erb:21
  [1m[36mActiveStorage::Attachment Load (0.6ms)[0m  [1m[34mSELECT  "active_storage_attachments".* FROM "active_storage_attachments" WHERE "active_storage_attachments"."record_id" = $1 AND "active_storage_attachments"."record_type" = $2 AND "active_storage_attachments"."name" = $3 LIMIT $4[0m  [["record_id", 4], ["record_type", "Item"], ["name", "image"], ["LIMIT", 1]]
  ↳ app/views/items/index.html.erb:21
  [1m[36mActiveStorage::Attachment Load (2.5ms)[0m  [1m[34mSELECT  "active_storage_attachments".* FROM "active_storage_attachments" WHERE "active_storage_attachments"."record_id" = $1 AND "active_storage_attachments"."record_type" = $2 AND "active_storage_attachments"."name" = $3 LIMIT $4[0m  [["record_id", 5], ["record_type", "Item"], ["name", "image"], ["LIMIT", 1]]
  ↳ app/views/items/index.html.erb:21
  [1m[36mActiveStorage::Attachment Load (0.4ms)[0m  [1m[34mSELECT  "active_storage_attachments".* FROM "active_storage_attachments" WHERE "active_storage_attachments"."record_id" = $1 AND "active_storage_attachments"."record_type" = $2 AND "active_storage_attachments"."name" = $3 LIMIT $4[0m  [["record_id", 6], ["record_type", "Item"], ["name", "image"], ["LIMIT", 1]]
  ↳ app/views/items/index.html.erb:21
  [1m[36mActiveStorage::Attachment Load (0.3ms)[0m  [1m[34mSELECT  "active_storage_attachments".* FROM "active_storage_attachments" WHERE "active_storage_attachments"."record_id" = $1 AND "active_storage_attachments"."record_type" = $2 AND "active_storage_attachments"."name" = $3 LIMIT $4[0m  [["record_id", 7], ["record_type", "Item"], ["name", "image"], ["LIMIT", 1]]
  ↳ app/views/items/index.html.erb:21
  [1m[36mActiveStorage::Attachment Load (0.5ms)[0m  [1m[34mSELECT  "active_storage_attachments".* FROM "active_storage_attachments" WHERE "active_storage_attachments"."record_id" = $1 AND "active_storage_attachments"."record_type" = $2 AND "active_storage_attachments"."name" = $3 LIMIT $4[0m  [["record_id", 8], ["record_type", "Item"], ["name", "image"], ["LIMIT", 1]]
  ↳ app/views/items/index.html.erb:21
  [1m[36mActiveStorage::Attachment Load (0.3ms)[0m  [1m[34mSELECT  "active_storage_attachments".* FROM "active_storage_attachments" WHERE "active_storage_attachments"."record_id" = $1 AND "active_storage_attachments"."record_type" = $2 AND "active_storage_attachments"."name" = $3 LIMIT $4[0m  [["record_id", 9], ["record_type", "Item"], ["name", "image"], ["LIMIT", 1]]
  ↳ app/views/items/index.html.erb:21
  [1m[36mActiveStorage::Attachment Load (0.3ms)[0m  [1m[34mSELECT  "active_storage_attachments".* FROM "active_storage_attachments" WHERE "active_storage_attachments"."record_id" = $1 AND "active_storage_attachments"."record_type" = $2 AND "active_storage_attachments"."name" = $3 LIMIT $4[0m  [["record_id", 10], ["record_type", "Item"], ["name", "image"], ["LIMIT", 1]]
  ↳ app/views/items/index.html.erb:21
  [1m[36mActiveStorage::Attachment Load (0.3ms)[0m  [1m[34mSELECT  "active_storage_attachments".* FROM "active_storage_attachments" WHERE "active_storage_attachments"."record_id" = $1 AND "active_storage_attachments"."record_type" = $2 AND "active_storage_attachments"."name" = $3 LIMIT $4[0m  [["record_id", 11], ["record_type", "Item"], ["name", "image"], ["LIMIT", 1]]
  ↳ app/views/items/index.html.erb:21
  [1m[36mActiveStorage::Attachment Load (0.5ms)[0m  [1m[34mSELECT  "active_storage_attachments".* FROM "active_storage_attachments" WHERE "active_storage_attachments"."record_id" = $1 AND "active_storage_attachments"."record_type" = $2 AND "active_storage_attachments"."name" = $3 LIMIT $4[0m  [["record_id", 12], ["record_type", "Item"], ["name", "image"], ["LIMIT", 1]]
  ↳ app/views/items/index.html.erb:21
  [1m[36mActiveStorage::Attachment Load (0.3ms)[0m  [1m[34mSELECT  "active_storage_attachments".* FROM "active_storage_attachments" WHERE "active_storage_attachments"."record_id" = $1 AND "active_storage_attachments"."record_type" = $2 AND "active_storage_attachments"."name" = $3 LIMIT $4[0m  [["record_id", 13], ["record_type", "Item"], ["name", "image"], ["LIMIT", 1]]
  ↳ app/views/items/index.html.erb:21
  [1m[36mActiveStorage::Attachment Load (0.4ms)[0m  [1m[34mSELECT  "active_storage_attachments".* FROM "active_storage_attachments" WHERE "active_storage_attachments"."record_id" = $1 AND "active_storage_attachments"."record_type" = $2 AND "active_storage_attachments"."name" = $3 LIMIT $4[0m  [["record_id", 14], ["record_type", "Item"], ["name", "image"], ["LIMIT", 1]]
  ↳ app/views/items/index.html.erb:21
  [1m[36mActiveStorage::Attachment Load (0.3ms)[0m  [1m[34mSELECT  "active_storage_attachments".* FROM "active_storage_attachments" WHERE "active_storage_attachments"."record_id" = $1 AND "active_storage_attachments"."record_type" = $2 AND "active_storage_attachments"."name" = $3 LIMIT $4[0m  [["record_id", 15], ["record_type", "Item"], ["name", "image"], ["LIMIT", 1]]
  ↳ app/views/items/index.html.erb:21
  [1m[36mActiveStorage::Attachment Load (0.3ms)[0m  [1m[34mSELECT  "active_storage_attachments".* FROM "active_storage_attachments" WHERE "active_storage_attachments"."record_id" = $1 AND "active_storage_attachments"."record_type" = $2 AND "active_storage_attachments"."name" = $3 LIMIT $4[0m  [["record_id", 16], ["record_type", "Item"], ["name", "image"], ["LIMIT", 1]]
  ↳ app/views/items/index.html.erb:21
  [1m[36mActiveStorage::Attachment Load (0.3ms)[0m  [1m[34mSELECT  "active_storage_attachments".* FROM "active_storage_attachments" WHERE "active_storage_attachments"."record_id" = $1 AND "active_storage_attachments"."record_type" = $2 AND "active_storage_attachments"."name" = $3 LIMIT $4[0m  [["record_id", 17], ["record_type", "Item"], ["name", "image"], ["LIMIT", 1]]
  ↳ app/views/items/index.html.erb:21
  [1m[36mActiveStorage::Attachment Load (0.3ms)[0m  [1m[34mSELECT  "active_storage_attachments".* FROM "active_storage_attachments" WHERE "active_storage_attachments"."record_id" = $1 AND "active_storage_attachments"."record_type" = $2 AND "active_storage_attachments"."name" = $3 LIMIT $4[0m  [["record_id", 18], ["record_type", "Item"], ["name", "image"], ["LIMIT", 1]]
  ↳ app/views/items/index.html.erb:21
  [1m[36mActiveStorage::Attachment Load (0.3ms)[0m  [1m[34mSELECT  "active_storage_attachments".* FROM "active_storage_attachments" WHERE "active_storage_attachments"."record_id" = $1 AND "active_storage_attachments"."record_type" = $2 AND "active_storage_attachments"."name" = $3 LIMIT $4[0m  [["record_id", 19], ["record_type", "Item"], ["name", "image"], ["LIMIT", 1]]
  ↳ app/views/items/index.html.erb:21
  [1m[36mActiveStorage::Attachment Load (0.3ms)[0m  [1m[34mSELECT  "active_storage_attachments".* FROM "active_storage_attachments" WHERE "active_storage_attachments"."record_id" = $1 AND "active_storage_attachments"."record_type" = $2 AND "active_storage_attachments"."name" = $3 LIMIT $4[0m  [["record_id", 20], ["record_type", "Item"], ["name", "image"], ["LIMIT", 1]]
  ↳ app/views/items/index.html.erb:21
  [1m[36mActiveStorage::Attachment Load (0.4ms)[0m  [1m[34mSELECT  "active_storage_attachments".* FROM "active_storage_attachments" WHERE "active_storage_attachments"."record_id" = $1 AND "active_storage_attachments"."record_type" = $2 AND "active_storage_attachments"."name" = $3 LIMIT $4[0m  [["record_id", 21], ["record_type", "Item"], ["name", "image"], ["LIMIT", 1]]
  ↳ app/views/items/index.html.erb:21
  [1m[36mActiveStorage::Attachment Load (0.3ms)[0m  [1m[34mSELECT  "active_storage_attachments".* FROM "active_storage_attachments" WHERE "active_storage_attachments"."record_id" = $1 AND "active_storage_attachments"."record_type" = $2 AND "active_storage_attachments"."name" = $3 LIMIT $4[0m  [["record_id", 24], ["record_type", "Item"], ["name", "image"], ["LIMIT", 1]]
  ↳ app/views/items/index.html.erb:21
  [1m[36mActiveStorage::Blob Load (0.5ms)[0m  [1m[34mSELECT  "active_storage_blobs".* FROM "active_storage_blobs" WHERE "active_storage_blobs"."id" = $1 LIMIT $2[0m  [["id", 3], ["LIMIT", 1]]
  ↳ app/views/items/index.html.erb:21
  Rendered items/index.html.erb within layouts/application (93.2ms)
  [1m[36mUser Load (0.4ms)[0m  [1m[34mSELECT  "users".* FROM "users" WHERE "users"."id" = $1 ORDER BY "users"."id" ASC LIMIT $2[0m  [["id", 17], ["LIMIT", 1]]
  ↳ app/views/layouts/application.html.erb:59
  [1m[36mItem Load (0.7ms)[0m  [1m[34mSELECT "items".* FROM "items" INNER JOIN "cart_items" ON "items"."id" = "cart_items"."item_id" INNER JOIN "carts" ON "cart_items"."cart_id" = "carts"."id" WHERE "carts"."user_id" = $1[0m  [["user_id", 17]]
  ↳ app/views/layouts/application.html.erb:60
Completed 200 OK in 180ms (Views: 162.4ms | ActiveRecord: 12.5ms)


Started GET "/rails/active_storage/disk/eyJfcmFpbHMiOnsibWVzc2FnZSI6IkJBaDdDRG9JYTJWNVNTSWRjM1JYWWs1WVF6SmlWVnByVkZkdWFqaE9UVUZyYVdaeEJqb0dSVlE2RUdScGMzQnZjMmwwYVc5dVNTSkhhVzVzYVc1bE95Qm1hV3hsYm1GdFpUMGlZMmhoZEMxaWJHVjFMbXB3WldjaU95Qm1hV3hsYm1GdFpTbzlWVlJHTFRnbkoyTm9ZWFF0WW14bGRTNXFjR1ZuQmpzR1ZEb1JZMjl1ZEdWdWRGOTBlWEJsU1NJUGFXMWhaMlV2YW5CbFp3WTdCbFE9IiwiZXhwIjoiMjAxOS0xMS0yOFQxMzozMDozNS4yMjBaIiwicHVyIjoiYmxvYl9rZXkifX0=--7bfb1f2ff3f89e044cc9ae02bfd17e98cf984aa5/chat-bleu.jpeg?content_type=image%2Fjpeg&disposition=inline%3B+filename%3D%22chat-bleu.jpeg%22%3B+filename%2A%3DUTF-8%27%27chat-bleu.jpeg" for ::1 at 2019-11-28 14:26:20 +0100
Processing by ActiveStorage::DiskController#show as JPEG
  Parameters: {"content_type"=>"image/jpeg", "disposition"=>"inline; filename=\"chat-bleu.jpeg\"; filename*=UTF-8''chat-bleu.jpeg", "encoded_key"=>"eyJfcmFpbHMiOnsibWVzc2FnZSI6IkJBaDdDRG9JYTJWNVNTSWRjM1JYWWs1WVF6SmlWVnByVkZkdWFqaE9UVUZyYVdaeEJqb0dSVlE2RUdScGMzQnZjMmwwYVc5dVNTSkhhVzVzYVc1bE95Qm1hV3hsYm1GdFpUMGlZMmhoZEMxaWJHVjFMbXB3WldjaU95Qm1hV3hsYm1GdFpTbzlWVlJHTFRnbkoyTm9ZWFF0WW14bGRTNXFjR1ZuQmpzR1ZEb1JZMjl1ZEdWdWRGOTBlWEJsU1NJUGFXMWhaMlV2YW5CbFp3WTdCbFE9IiwiZXhwIjoiMjAxOS0xMS0yOFQxMzozMDozNS4yMjBaIiwicHVyIjoiYmxvYl9rZXkifX0=--7bfb1f2ff3f89e044cc9ae02bfd17e98cf984aa5", "filename"=>"chat-bleu"}
Completed 304 Not Modified in 1ms (ActiveRecord: 0.0ms)


